namespace/agents created
namespace/kubearmor created
customresourcedefinition.apiextensions.k8s.io/discoveredpolicies.security.kubearmor.com created
serviceaccount/agents-operator created
serviceaccount/discovery-engine created
serviceaccount/kmux created
serviceaccount/policy-enforcement-agent created
serviceaccount/shared-informer-agent created
serviceaccount/kubearmor-operator created
role.rbac.authorization.k8s.io/kmux created
role.rbac.authorization.k8s.io/kubearmor-operator-tls-secrets-role created
clusterrole.rbac.authorization.k8s.io/agents-operator created
clusterrole.rbac.authorization.k8s.io/kmux created
clusterrole.rbac.authorization.k8s.io/kubearmor-operator-clusterrole created
clusterrole.rbac.authorization.k8s.io/kubearmor-operator-manage-controller-clusterrole created
clusterrole.rbac.authorization.k8s.io/kubearmor-operator-manage-kubearmor-clusterrole created
clusterrole.rbac.authorization.k8s.io/manage-policies created
clusterrole.rbac.authorization.k8s.io/policy-enforcement-agent created
clusterrole.rbac.authorization.k8s.io/shared-informer-agent created
clusterrole.rbac.authorization.k8s.io/view-cluster-resources created
rolebinding.rbac.authorization.k8s.io/kmux created
rolebinding.rbac.authorization.k8s.io/kubearmor-operator-tls-secrets-rolebinding created
clusterrolebinding.rbac.authorization.k8s.io/agents-operator created
clusterrolebinding.rbac.authorization.k8s.io/kmux created
clusterrolebinding.rbac.authorization.k8s.io/kubearmor-operator-clusterrole-binding created
clusterrolebinding.rbac.authorization.k8s.io/kubearmor-operator-manage-controller-clusterrole-binding created
clusterrolebinding.rbac.authorization.k8s.io/kubearmor-operator-manage-kubearmor-clusterrole-binding created
clusterrolebinding.rbac.authorization.k8s.io/manage-policies created
clusterrolebinding.rbac.authorization.k8s.io/policy-enforcement-agent created
clusterrolebinding.rbac.authorization.k8s.io/shared-informer-agent created
clusterrolebinding.rbac.authorization.k8s.io/view-cluster-resources created
configmap/agents-operator created
configmap/azuresentinel-vars created
configmap/cilium-vars created
configmap/discovery-engine-discover created
configmap/discovery-engine-hardening created
configmap/discovery-engine-offloader created
configmap/discovery-engine-sumengine created
configmap/discovery-engine-vars created
configmap/kmux created
configmap/kubearmor-vars created
configmap/onboarding-vars created
configmap/policy-enforcement-agent created
configmap/shared-informer-agent created
configmap/spire-vars created
configmap/splunk-vars created
secret/spire-agent-secret created
service/agents-operator created
service/discovery-engine created
deployment.apps/agents-operator created
deployment.apps/discovery-engine created
deployment.apps/feeder-service created
deployment.apps/policy-enforcement-agent created
deployment.apps/shared-informer-agent created
deployment.apps/ubuntu created
deployment.apps/kubearmor-operator created
kubearmorconfig.operator.kubearmor.com/kubearmorconfig-default created
kubearmorpolicy.security.kubearmor.com/block-pkg-mgmt-tools-exec created
